Started GET "/" for ::1 at 2022-04-01 20:37:44 -0300
  [1m[35m (6.3ms)[0m  [1m[34mSELECT sqlite_version(*)[0m
Processing by Rails::WelcomeController#index as HTML
  Rendering D:/Ruby31-x64/lib/ruby/gems/3.1.0/gems/railties-7.0.2.3/lib/rails/templates/rails/welcome/index.html.erb
  Rendered D:/Ruby31-x64/lib/ruby/gems/3.1.0/gems/railties-7.0.2.3/lib/rails/templates/rails/welcome/index.html.erb (Duration: 6.1ms | Allocations: 637)
Completed 200 OK in 70ms (Views: 24.2ms | ActiveRecord: 0.0ms | Allocations: 5027)


Started GET "/" for ::1 at 2022-04-01 20:42:43 -0300
Processing by Rails::WelcomeController#index as HTML
  Rendering D:/Ruby31-x64/lib/ruby/gems/3.1.0/gems/railties-7.0.2.3/lib/rails/templates/rails/welcome/index.html.erb
  Rendered D:/Ruby31-x64/lib/ruby/gems/3.1.0/gems/railties-7.0.2.3/lib/rails/templates/rails/welcome/index.html.erb (Duration: 0.7ms | Allocations: 312)
Completed 200 OK in 5ms (Views: 1.7ms | Allocations: 991)


Started GET "/Home" for ::1 at 2022-04-01 20:42:48 -0300
  
ActionController::RoutingError (No route matches [GET] "/Home"):
  
Started GET "/home" for ::1 at 2022-04-01 20:42:57 -0300
Processing by HomeController#index as HTML
  Rendering layout layouts/application.html.erb
  Rendering home/index.html.erb within layouts/application
  Rendered home/index.html.erb within layouts/application (Duration: 0.4ms | Allocations: 132)
  Rendered layout layouts/application.html.erb (Duration: 374.8ms | Allocations: 74595)
Completed 200 OK in 383ms (Views: 380.2ms | Allocations: 75552)


Started GET "/" for ::1 at 2022-04-01 20:43:52 -0300
Processing by Rails::WelcomeController#index as HTML
  Rendering D:/Ruby31-x64/lib/ruby/gems/3.1.0/gems/railties-7.0.2.3/lib/rails/templates/rails/welcome/index.html.erb
  Rendered D:/Ruby31-x64/lib/ruby/gems/3.1.0/gems/railties-7.0.2.3/lib/rails/templates/rails/welcome/index.html.erb (Duration: 0.1ms | Allocations: 33)
Completed 200 OK in 2ms (Views: 0.8ms | Allocations: 274)


Started GET "/" for ::1 at 2022-04-01 20:45:05 -0300
Processing by HomeController#index as HTML
  Rendering layout layouts/application.html.erb
  Rendering home/index.html.erb within layouts/application
  Rendered home/index.html.erb within layouts/application (Duration: 0.1ms | Allocations: 28)
  Rendered layout layouts/application.html.erb (Duration: 4.4ms | Allocations: 1483)
Completed 200 OK in 7ms (Views: 5.6ms | Allocations: 2107)


Started GET "/home" for ::1 at 2022-04-01 20:45:10 -0300
Processing by HomeController#index as HTML
  Rendering layout layouts/application.html.erb
  Rendering home/index.html.erb within layouts/application
  Rendered home/index.html.erb within layouts/application (Duration: 0.0ms | Allocations: 20)
  Rendered layout layouts/application.html.erb (Duration: 3.6ms | Allocations: 1180)
Completed 200 OK in 5ms (Views: 4.3ms | Allocations: 1473)


Started GET "/" for ::1 at 2022-04-01 20:47:00 -0300
Processing by HomeController#index as HTML
  Rendering layout layouts/application.html.erb
  Rendering home/index.html.erb within layouts/application
  Rendered home/index.html.erb within layouts/application (Duration: 0.1ms | Allocations: 20)
  Rendered layout layouts/application.html.erb (Duration: 4.1ms | Allocations: 1184)
Completed 200 OK in 6ms (Views: 4.9ms | Allocations: 1466)


Started GET "/" for ::1 at 2022-04-01 20:47:04 -0300
Processing by HomeController#index as HTML
  Rendering layout layouts/application.html.erb
  Rendering home/index.html.erb within layouts/application
  Rendered home/index.html.erb within layouts/application (Duration: 0.0ms | Allocations: 20)
  Rendered layout layouts/application.html.erb (Duration: 3.6ms | Allocations: 1186)
Completed 200 OK in 5ms (Views: 4.3ms | Allocations: 1463)


Started GET "/" for ::1 at 2022-04-01 20:47:07 -0300
Processing by HomeController#index as HTML
  Rendering layout layouts/application.html.erb
  Rendering home/index.html.erb within layouts/application
  Rendered home/index.html.erb within layouts/application (Duration: 0.2ms | Allocations: 20)
  Rendered layout layouts/application.html.erb (Duration: 3.7ms | Allocations: 1180)
Completed 200 OK in 6ms (Views: 4.6ms | Allocations: 1456)


  [1m[35m (1.8ms)[0m  [1m[34mSELECT sqlite_version(*)[0m
  [1m[35m (1.9ms)[0m  [1m[34mSELECT sqlite_version(*)[0m
  [1m[35m (14.3ms)[0m  [1m[35mCREATE TABLE "schema_migrations" ("version" varchar NOT NULL PRIMARY KEY)[0m
  [1m[35m (7.1ms)[0m  [1m[35mCREATE TABLE "ar_internal_metadata" ("key" varchar NOT NULL PRIMARY KEY, "value" varchar, "created_at" datetime(6) NOT NULL, "updated_at" datetime(6) NOT NULL)[0m
  [1m[36mActiveRecord::SchemaMigration Pluck (0.2ms)[0m  [1m[34mSELECT "schema_migrations"."version" FROM "schema_migrations" ORDER BY "schema_migrations"."version" ASC[0m
Migrating to CreateShopItems (20220401235010)
  [1m[36mTRANSACTION (0.0ms)[0m  [1m[36mbegin transaction[0m
  [1m[35m (1.3ms)[0m  [1m[35mCREATE TABLE "shop_items" ("id" integer PRIMARY KEY AUTOINCREMENT NOT NULL, "title" varchar, "description" text, "price" decimal, "image" varchar, "created_at" datetime(6) NOT NULL, "updated_at" datetime(6) NOT NULL)[0m
  [1m[36mActiveRecord::SchemaMigration Create (0.2ms)[0m  [1m[32mINSERT INTO "schema_migrations" ("version") VALUES (?)[0m  [["version", "20220401235010"]]
  [1m[36mTRANSACTION (7.3ms)[0m  [1m[36mcommit transaction[0m
  [1m[36mActiveRecord::InternalMetadata Load (0.2ms)[0m  [1m[34mSELECT "ar_internal_metadata".* FROM "ar_internal_metadata" WHERE "ar_internal_metadata"."key" = ? LIMIT ?[0m  [["key", "environment"], ["LIMIT", 1]]
  [1m[36mTRANSACTION (0.0ms)[0m  [1m[36mbegin transaction[0m
  [1m[36mActiveRecord::InternalMetadata Create (1.0ms)[0m  [1m[32mINSERT INTO "ar_internal_metadata" ("key", "value", "created_at", "updated_at") VALUES (?, ?, ?, ?)[0m  [["key", "environment"], ["value", "development"], ["created_at", "2022-04-01 23:54:23.283631"], ["updated_at", "2022-04-01 23:54:23.283631"]]
  [1m[36mTRANSACTION (4.6ms)[0m  [1m[36mcommit transaction[0m
  [1m[35m (0.0ms)[0m  [1m[34mSELECT sqlite_version(*)[0m
  [1m[36mActiveRecord::SchemaMigration Pluck (0.1ms)[0m  [1m[34mSELECT "schema_migrations"."version" FROM "schema_migrations" ORDER BY "schema_migrations"."version" ASC[0m
  [1m[35m (1.7ms)[0m  [1m[34mSELECT sqlite_version(*)[0m
  [1m[36mTRANSACTION (0.1ms)[0m  [1m[36mbegin transaction[0m
  [1m[36mShopItem Create (3.5ms)[0m  [1m[32mINSERT INTO "shop_items" ("title", "description", "price", "image", "created_at", "updated_at") VALUES (?, ?, ?, ?, ?, ?)[0m  [["title", "Lemon Ice Tea"], ["description", "A refreshing lemon ice tead made with fresh lemon!"], ["price", 4.5], ["image", "lemonicetea.png"], ["created_at", "2022-04-02 00:02:21.221273"], ["updated_at", "2022-04-02 00:02:21.221273"]]
  [1m[36mTRANSACTION (5.1ms)[0m  [1m[36mcommit transaction[0m
  [1m[36mShopItem Load (0.2ms)[0m  [1m[34mSELECT "shop_items".* FROM "shop_items" WHERE "shop_items"."id" = ? LIMIT ?[0m  [["id", 1], ["LIMIT", 1]]
  [1m[36mShopItem Load (0.2ms)[0m  [1m[34mSELECT "shop_items".* FROM "shop_items" WHERE "shop_items"."id" = ? LIMIT ?[0m  [["id", 2], ["LIMIT", 1]]
  [1m[36mShopItem Load (0.2ms)[0m  [1m[34mSELECT "shop_items".* FROM "shop_items" WHERE "shop_items"."id" = ? LIMIT ?[0m  [["id", 1], ["LIMIT", 1]]
  [1m[36mShopItem Load (0.2ms)[0m  [1m[34mSELECT "shop_items".* FROM "shop_items" WHERE "shop_items"."id" = ? LIMIT ?[0m  [["id", 2], ["LIMIT", 1]]
  [1m[36mShopItem Load (0.2ms)[0m  [1m[34mSELECT "shop_items".* FROM "shop_items" WHERE "shop_items"."id" = ? LIMIT ?[0m  [["id", 4], ["LIMIT", 1]]
  [1m[36mShopItem Load (0.2ms)[0m  [1m[34mSELECT "shop_items".* FROM "shop_items" WHERE "shop_items"."id" = ? LIMIT ?[0m  [["id", 1], ["LIMIT", 1]]
  [1m[36mShopItem Load (0.2ms)[0m  [1m[34mSELECT "shop_items".* FROM "shop_items" WHERE "shop_items"."id" = ? LIMIT ?[0m  [["id", 1], ["LIMIT", 1]]
  [1m[36mShopItem Load (0.2ms)[0m  [1m[34mSELECT "shop_items".* FROM "shop_items" WHERE "shop_items"."id" = ? LIMIT ?[0m  [["id", 3], ["LIMIT", 1]]
  [1m[36mShopItem Load (0.2ms)[0m  [1m[34mSELECT "shop_items".* FROM "shop_items"[0m
  [1m[36mShopItem Load (0.2ms)[0m  [1m[34mSELECT "shop_items".* FROM "shop_items"[0m
Started GET "/" for ::1 at 2022-04-01 21:07:20 -0300
  [1m[35m (0.1ms)[0m  [1m[34mSELECT sqlite_version(*)[0m
  [1m[36mActiveRecord::SchemaMigration Pluck (0.2ms)[0m  [1m[34mSELECT "schema_migrations"."version" FROM "schema_migrations" ORDER BY "schema_migrations"."version" ASC[0m
Processing by HomeController#index as HTML
  Rendering layout layouts/application.html.erb
  Rendering home/index.html.erb within layouts/application
  Rendered home/index.html.erb within layouts/application (Duration: 0.4ms | Allocations: 151)
  Rendered layout layouts/application.html.erb (Duration: 5.2ms | Allocations: 1746)
Completed 200 OK in 15ms (Views: 10.4ms | ActiveRecord: 0.0ms | Allocations: 3499)


Started GET "/" for ::1 at 2022-04-01 21:08:25 -0300
Processing by HomeController#index as HTML
  Rendering layout layouts/application.html.erb
  Rendering home/index.html.erb within layouts/application
  [1m[36mShopItem Load (0.2ms)[0m  [1m[34mSELECT "shop_items".* FROM "shop_items"[0m
  ↳ app/views/home/index.html.erb:10
  Rendered home/index.html.erb within layouts/application (Duration: 130.1ms | Allocations: 17327)
  Rendered layout layouts/application.html.erb (Duration: 134.6ms | Allocations: 18914)
Completed 200 OK in 142ms (Views: 139.1ms | ActiveRecord: 0.9ms | Allocations: 19760)


Started GET "/" for ::1 at 2022-04-01 21:10:50 -0300
Processing by HomeController#index as HTML
Completed 500 Internal Server Error in 21ms (Allocations: 2472)


  
ActionView::MissingTemplate (Missing template layouts/main with {:locale=>[:en], :formats=>[:html], :variants=>[], :handlers=>[:raw, :erb, :html, :builder, :ruby, :jbuilder]}.

Searched in:
  * "C:/Users/Gustavo/RubymineProjects/CoffeeShop/coffeeshop/app/views"
  * "D:/Ruby31-x64/lib/ruby/gems/3.1.0/gems/actiontext-7.0.2.3/app/views"
  * "D:/Ruby31-x64/lib/ruby/gems/3.1.0/gems/actionmailbox-7.0.2.3/app/views"

Did you mean?  layouts/mailer
               layouts/application
               layouts/rails/conductor
               rails/conductor/action_mailbox/inbound_emails/index
               rails/conductor/action_mailbox/inbound_emails/show
               rails/conductor/action_mailbox/inbound_emails/new):
  
actionview (7.0.2.3) lib/action_view/path_set.rb:49:in `find'
actionview (7.0.2.3) lib/action_view/lookup_context.rb:127:in `find'
actionview (7.0.2.3) lib/action_view/renderer/template_renderer.rb:101:in `resolve_layout'
actionview (7.0.2.3) lib/action_view/renderer/template_renderer.rb:108:in `resolve_layout'
actionview (7.0.2.3) lib/action_view/renderer/template_renderer.rb:88:in `find_layout'
actionview (7.0.2.3) lib/action_view/renderer/template_renderer.rb:71:in `render_with_layout'
actionview (7.0.2.3) lib/action_view/renderer/template_renderer.rb:59:in `render_template'
actionview (7.0.2.3) lib/action_view/renderer/template_renderer.rb:11:in `render'
actionview (7.0.2.3) lib/action_view/renderer/renderer.rb:61:in `render_template_to_object'
actionview (7.0.2.3) lib/action_view/renderer/renderer.rb:29:in `render_to_object'
actionview (7.0.2.3) lib/action_view/rendering.rb:117:in `block in _render_template'
actionview (7.0.2.3) lib/action_view/base.rb:270:in `in_rendering_context'
actionview (7.0.2.3) lib/action_view/rendering.rb:116:in `_render_template'
actionpack (7.0.2.3) lib/action_controller/metal/streaming.rb:216:in `_render_template'
actionview (7.0.2.3) lib/action_view/rendering.rb:103:in `render_to_body'
actionpack (7.0.2.3) lib/action_controller/metal/rendering.rb:46:in `render_to_body'
actionpack (7.0.2.3) lib/action_controller/metal/renderers.rb:142:in `render_to_body'
actionpack (7.0.2.3) lib/abstract_controller/rendering.rb:25:in `render'
actionpack (7.0.2.3) lib/action_controller/metal/rendering.rb:30:in `render'
actionpack (7.0.2.3) lib/action_controller/metal/instrumentation.rb:22:in `block (2 levels) in render'
D:/Ruby31-x64/lib/ruby/3.1.0/benchmark.rb:311:in `realtime'
activesupport (7.0.2.3) lib/active_support/core_ext/benchmark.rb:14:in `ms'
actionpack (7.0.2.3) lib/action_controller/metal/instrumentation.rb:22:in `block in render'
actionpack (7.0.2.3) lib/action_controller/metal/instrumentation.rb:91:in `cleanup_view_runtime'
activerecord (7.0.2.3) lib/active_record/railties/controller_runtime.rb:39:in `cleanup_view_runtime'
actionpack (7.0.2.3) lib/action_controller/metal/instrumentation.rb:21:in `render'
actionpack (7.0.2.3) lib/action_controller/metal/implicit_render.rb:35:in `default_render'
actionpack (7.0.2.3) lib/action_controller/metal/basic_implicit_render.rb:6:in `block in send_action'
<internal:kernel>:90:in `tap'
actionpack (7.0.2.3) lib/action_controller/metal/basic_implicit_render.rb:6:in `send_action'
actionpack (7.0.2.3) lib/abstract_controller/base.rb:214:in `process_action'
actionpack (7.0.2.3) lib/action_controller/metal/rendering.rb:53:in `process_action'
actionpack (7.0.2.3) lib/abstract_controller/callbacks.rb:234:in `block in process_action'
activesupport (7.0.2.3) lib/active_support/callbacks.rb:118:in `block in run_callbacks'
actiontext (7.0.2.3) lib/action_text/rendering.rb:20:in `with_renderer'
actiontext (7.0.2.3) lib/action_text/engine.rb:69:in `block (4 levels) in <class:Engine>'
activesupport (7.0.2.3) lib/active_support/callbacks.rb:127:in `instance_exec'
activesupport (7.0.2.3) lib/active_support/callbacks.rb:127:in `block in run_callbacks'
activesupport (7.0.2.3) lib/active_support/callbacks.rb:138:in `run_callbacks'
actionpack (7.0.2.3) lib/abstract_controller/callbacks.rb:233:in `process_action'
actionpack (7.0.2.3) lib/action_controller/metal/rescue.rb:22:in `process_action'
actionpack (7.0.2.3) lib/action_controller/metal/instrumentation.rb:67:in `block in process_action'
activesupport (7.0.2.3) lib/active_support/notifications.rb:206:in `block in instrument'
activesupport (7.0.2.3) lib/active_support/notifications/instrumenter.rb:24:in `instrument'
activesupport (7.0.2.3) lib/active_support/notifications.rb:206:in `instrument'
actionpack (7.0.2.3) lib/action_controller/metal/instrumentation.rb:66:in `process_action'
actionpack (7.0.2.3) lib/action_controller/metal/params_wrapper.rb:259:in `process_action'
activerecord (7.0.2.3) lib/active_record/railties/controller_runtime.rb:27:in `process_action'
actionpack (7.0.2.3) lib/abstract_controller/base.rb:151:in `process'
actionview (7.0.2.3) lib/action_view/rendering.rb:39:in `process'
actionpack (7.0.2.3) lib/action_controller/metal.rb:188:in `dispatch'
actionpack (7.0.2.3) lib/action_controller/metal.rb:251:in `dispatch'
actionpack (7.0.2.3) lib/action_dispatch/routing/route_set.rb:49:in `dispatch'
actionpack (7.0.2.3) lib/action_dispatch/routing/route_set.rb:32:in `serve'
actionpack (7.0.2.3) lib/action_dispatch/journey/router.rb:50:in `block in serve'
actionpack (7.0.2.3) lib/action_dispatch/journey/router.rb:32:in `each'
actionpack (7.0.2.3) lib/action_dispatch/journey/router.rb:32:in `serve'
actionpack (7.0.2.3) lib/action_dispatch/routing/route_set.rb:850:in `call'
rack (2.2.3) lib/rack/tempfile_reaper.rb:15:in `call'
rack (2.2.3) lib/rack/etag.rb:27:in `call'
rack (2.2.3) lib/rack/conditional_get.rb:27:in `call'
rack (2.2.3) lib/rack/head.rb:12:in `call'
actionpack (7.0.2.3) lib/action_dispatch/http/permissions_policy.rb:22:in `call'
actionpack (7.0.2.3) lib/action_dispatch/http/content_security_policy.rb:18:in `call'
rack (2.2.3) lib/rack/session/abstract/id.rb:266:in `context'
rack (2.2.3) lib/rack/session/abstract/id.rb:260:in `call'
actionpack (7.0.2.3) lib/action_dispatch/middleware/cookies.rb:693:in `call'
activerecord (7.0.2.3) lib/active_record/migration.rb:603:in `call'
actionpack (7.0.2.3) lib/action_dispatch/middleware/callbacks.rb:27:in `block in call'
activesupport (7.0.2.3) lib/active_support/callbacks.rb:99:in `run_callbacks'
actionpack (7.0.2.3) lib/action_dispatch/middleware/callbacks.rb:26:in `call'
actionpack (7.0.2.3) lib/action_dispatch/middleware/executor.rb:14:in `call'
actionpack (7.0.2.3) lib/action_dispatch/middleware/actionable_exceptions.rb:17:in `call'
actionpack (7.0.2.3) lib/action_dispatch/middleware/debug_exceptions.rb:28:in `call'
web-console (4.2.0) lib/web_console/middleware.rb:132:in `call_app'
web-console (4.2.0) lib/web_console/middleware.rb:28:in `block in call'
web-console (4.2.0) lib/web_console/middleware.rb:17:in `catch'
web-console (4.2.0) lib/web_console/middleware.rb:17:in `call'
actionpack (7.0.2.3) lib/action_dispatch/middleware/show_exceptions.rb:26:in `call'
railties (7.0.2.3) lib/rails/rack/logger.rb:36:in `call_app'
railties (7.0.2.3) lib/rails/rack/logger.rb:25:in `block in call'
activesupport (7.0.2.3) lib/active_support/tagged_logging.rb:99:in `block in tagged'
activesupport (7.0.2.3) lib/active_support/tagged_logging.rb:37:in `tagged'
activesupport (7.0.2.3) lib/active_support/tagged_logging.rb:99:in `tagged'
railties (7.0.2.3) lib/rails/rack/logger.rb:25:in `call'
sprockets-rails (3.4.2) lib/sprockets/rails/quiet_assets.rb:13:in `call'
actionpack (7.0.2.3) lib/action_dispatch/middleware/remote_ip.rb:93:in `call'
actionpack (7.0.2.3) lib/action_dispatch/middleware/request_id.rb:26:in `call'
rack (2.2.3) lib/rack/method_override.rb:24:in `call'
rack (2.2.3) lib/rack/runtime.rb:22:in `call'
activesupport (7.0.2.3) lib/active_support/cache/strategy/local_cache_middleware.rb:29:in `call'
actionpack (7.0.2.3) lib/action_dispatch/middleware/server_timing.rb:20:in `call'
actionpack (7.0.2.3) lib/action_dispatch/middleware/executor.rb:14:in `call'
actionpack (7.0.2.3) lib/action_dispatch/middleware/static.rb:23:in `call'
rack (2.2.3) lib/rack/sendfile.rb:110:in `call'
actionpack (7.0.2.3) lib/action_dispatch/middleware/host_authorization.rb:137:in `call'
railties (7.0.2.3) lib/rails/engine.rb:530:in `call'
puma (5.6.4) lib/puma/configuration.rb:252:in `call'
puma (5.6.4) lib/puma/request.rb:77:in `block in handle_request'
puma (5.6.4) lib/puma/thread_pool.rb:340:in `with_force_shutdown'
puma (5.6.4) lib/puma/request.rb:76:in `handle_request'
puma (5.6.4) lib/puma/server.rb:441:in `process_client'
puma (5.6.4) lib/puma/thread_pool.rb:147:in `block in spawn_thread'
Started GET "/" for ::1 at 2022-04-01 21:11:39 -0300
Processing by HomeController#index as HTML
  Rendering layout layouts/main.erb
  Rendering home/index.html.erb within layouts/main
  [1m[35m (0.0ms)[0m  [1m[34mSELECT sqlite_version(*)[0m
  ↳ app/views/home/index.html.erb:10
  [1m[36mShopItem Load (0.2ms)[0m  [1m[34mSELECT "shop_items".* FROM "shop_items"[0m
  ↳ app/views/home/index.html.erb:10
  Rendered home/index.html.erb within layouts/main (Duration: 6.0ms | Allocations: 3466)
  Rendered layout layouts/main.erb (Duration: 6.9ms | Allocations: 3646)
Completed 200 OK in 11ms (Views: 8.9ms | ActiveRecord: 1.2ms | Allocations: 4411)


Started GET "/" for ::1 at 2022-04-01 21:11:39 -0300
Processing by HomeController#index as HTML
  Rendering layout layouts/main.erb
  Rendering home/index.html.erb within layouts/main
  [1m[36mShopItem Load (0.1ms)[0m  [1m[34mSELECT "shop_items".* FROM "shop_items"[0m
  ↳ app/views/home/index.html.erb:10
  Rendered home/index.html.erb within layouts/main (Duration: 1.1ms | Allocations: 586)
  Rendered layout layouts/main.erb (Duration: 1.6ms | Allocations: 689)
Completed 200 OK in 3ms (Views: 2.0ms | ActiveRecord: 0.1ms | Allocations: 983)


Started GET "/" for ::1 at 2022-04-01 21:11:44 -0300
Processing by HomeController#index as HTML
  Rendering layout layouts/main.erb
  Rendering home/index.html.erb within layouts/main
  [1m[36mShopItem Load (0.2ms)[0m  [1m[34mSELECT "shop_items".* FROM "shop_items"[0m
  ↳ app/views/home/index.html.erb:10
  Rendered home/index.html.erb within layouts/main (Duration: 1.6ms | Allocations: 862)
  Rendered layout layouts/main.erb (Duration: 2.4ms | Allocations: 1049)
Completed 200 OK in 7ms (Views: 4.3ms | ActiveRecord: 0.2ms | Allocations: 1791)


Started GET "/" for ::1 at 2022-04-01 21:11:54 -0300
Processing by HomeController#index as HTML
  Rendering layout layouts/main.erb
  Rendering home/index.html.erb within layouts/main
  [1m[36mShopItem Load (0.2ms)[0m  [1m[34mSELECT "shop_items".* FROM "shop_items"[0m
  ↳ app/views/home/index.html.erb:10
  Rendered home/index.html.erb within layouts/main (Duration: 1.9ms | Allocations: 872)
  Rendered layout layouts/main.erb (Duration: 2.7ms | Allocations: 1052)
Completed 200 OK in 9ms (Views: 6.6ms | ActiveRecord: 0.2ms | Allocations: 1813)


Started GET "/" for ::1 at 2022-04-01 21:14:38 -0300
Processing by HomeController#index as HTML
  Rendering layout layouts/main.html.erb
  Rendering home/index.html.erb within layouts/main
  [1m[36mShopItem Load (0.2ms)[0m  [1m[34mSELECT "shop_items".* FROM "shop_items"[0m
  ↳ app/views/home/index.html.erb:10
  Rendered home/index.html.erb within layouts/main (Duration: 1.7ms | Allocations: 861)
  Rendered layout layouts/main.html.erb (Duration: 2.6ms | Allocations: 1061)
Completed 200 OK in 7ms (Views: 4.7ms | ActiveRecord: 0.2ms | Allocations: 1822)


Started GET "/" for ::1 at 2022-04-01 21:14:39 -0300
Processing by HomeController#index as HTML
  Rendering layout layouts/main.html.erb
  Rendering home/index.html.erb within layouts/main
  [1m[36mShopItem Load (0.1ms)[0m  [1m[34mSELECT "shop_items".* FROM "shop_items"[0m
  ↳ app/views/home/index.html.erb:10
  Rendered home/index.html.erb within layouts/main (Duration: 1.3ms | Allocations: 586)
  Rendered layout layouts/main.html.erb (Duration: 1.9ms | Allocations: 692)
Completed 200 OK in 4ms (Views: 2.4ms | ActiveRecord: 0.1ms | Allocations: 983)


Started GET "/" for ::1 at 2022-04-01 21:14:39 -0300
Processing by HomeController#index as HTML
  Rendering layout layouts/main.html.erb
  Rendering home/index.html.erb within layouts/main
  [1m[36mShopItem Load (0.2ms)[0m  [1m[34mSELECT "shop_items".* FROM "shop_items"[0m
  ↳ app/views/home/index.html.erb:10
  Rendered home/index.html.erb within layouts/main (Duration: 1.6ms | Allocations: 586)
  Rendered layout layouts/main.html.erb (Duration: 2.3ms | Allocations: 692)
Completed 200 OK in 4ms (Views: 3.0ms | ActiveRecord: 0.2ms | Allocations: 960)


Started GET "/" for ::1 at 2022-04-01 21:14:40 -0300
Processing by HomeController#index as HTML
  Rendering layout layouts/main.html.erb
  Rendering home/index.html.erb within layouts/main
  [1m[36mShopItem Load (0.2ms)[0m  [1m[34mSELECT "shop_items".* FROM "shop_items"[0m
  ↳ app/views/home/index.html.erb:10
  Rendered home/index.html.erb within layouts/main (Duration: 1.5ms | Allocations: 586)
  Rendered layout layouts/main.html.erb (Duration: 2.0ms | Allocations: 692)
Completed 200 OK in 4ms (Views: 2.6ms | ActiveRecord: 0.2ms | Allocations: 960)


Started GET "/" for ::1 at 2022-04-01 21:38:19 -0300
Processing by HomeController#index as HTML
  Rendering layout layouts/main.html.erb
  Rendering home/index.html.erb within layouts/main
  [1m[35m (0.0ms)[0m  [1m[34mSELECT sqlite_version(*)[0m
  ↳ app/views/home/index.html.erb:2
  [1m[36mShopItem Load (0.2ms)[0m  [1m[34mSELECT "shop_items".* FROM "shop_items"[0m
  ↳ app/views/home/index.html.erb:2
  Rendered home/index.html.erb within layouts/main (Duration: 3.7ms | Allocations: 1523)
  Rendered layout layouts/main.html.erb (Duration: 4.6ms | Allocations: 1753)
Completed 200 OK in 10ms (Views: 7.5ms | ActiveRecord: 0.5ms | Allocations: 2488)


Started GET "/" for ::1 at 2022-04-01 21:39:44 -0300
Processing by HomeController#index as HTML
  Rendering layout layouts/main.html.erb
  Rendering home/index.html.erb within layouts/main
  [1m[36mShopItem Load (0.2ms)[0m  [1m[34mSELECT "shop_items".* FROM "shop_items"[0m
  ↳ app/views/home/index.html.erb:2
  Rendered home/index.html.erb within layouts/main (Duration: 1.5ms | Allocations: 852)
  Rendered layout layouts/main.html.erb (Duration: 2.2ms | Allocations: 1080)
Completed 200 OK in 7ms (Views: 4.2ms | ActiveRecord: 0.2ms | Allocations: 1841)


Started GET "/" for ::1 at 2022-04-01 21:40:36 -0300
Processing by HomeController#index as HTML
  Rendering layout layouts/main.html.erb
  Rendering home/index.html.erb within layouts/main
  [1m[36mShopItem Load (0.2ms)[0m  [1m[34mSELECT "shop_items".* FROM "shop_items"[0m
  ↳ app/views/home/index.html.erb:2
  Rendered home/index.html.erb within layouts/main (Duration: 1.7ms | Allocations: 850)
  Rendered layout layouts/main.html.erb (Duration: 2.6ms | Allocations: 1082)
Completed 200 OK in 7ms (Views: 4.9ms | ActiveRecord: 0.2ms | Allocations: 1843)


Started GET "/" for ::1 at 2022-04-01 21:41:04 -0300
Processing by HomeController#index as HTML
  Rendering layout layouts/main.html.erb
  Rendering home/index.html.erb within layouts/main
  [1m[36mShopItem Load (0.2ms)[0m  [1m[34mSELECT "shop_items".* FROM "shop_items"[0m
  ↳ app/views/home/index.html.erb:2
  Rendered home/index.html.erb within layouts/main (Duration: 2.0ms | Allocations: 850)
  Rendered layout layouts/main.html.erb (Duration: 2.8ms | Allocations: 1082)
Completed 200 OK in 7ms (Views: 4.7ms | ActiveRecord: 0.2ms | Allocations: 1843)


Started GET "/" for ::1 at 2022-04-01 21:41:40 -0300
Processing by HomeController#index as HTML
  Rendering layout layouts/main.html.erb
  Rendering home/index.html.erb within layouts/main
  [1m[36mShopItem Load (0.2ms)[0m  [1m[34mSELECT "shop_items".* FROM "shop_items"[0m
  ↳ app/views/home/index.html.erb:2
  Rendered home/index.html.erb within layouts/main (Duration: 1.9ms | Allocations: 850)
  Rendered layout layouts/main.html.erb (Duration: 2.8ms | Allocations: 1087)
Completed 200 OK in 7ms (Views: 4.8ms | ActiveRecord: 0.2ms | Allocations: 1848)


Started GET "/" for ::1 at 2022-04-01 21:42:16 -0300
Processing by HomeController#index as HTML
  Rendering layout layouts/main.html.erb
  Rendering home/index.html.erb within layouts/main
  [1m[36mShopItem Load (0.2ms)[0m  [1m[34mSELECT "shop_items".* FROM "shop_items"[0m
  ↳ app/views/home/index.html.erb:2
  Rendered home/index.html.erb within layouts/main (Duration: 2.1ms | Allocations: 850)
  Rendered layout layouts/main.html.erb (Duration: 3.1ms | Allocations: 1089)
Completed 200 OK in 7ms (Views: 5.0ms | ActiveRecord: 0.2ms | Allocations: 1850)


Started GET "/" for ::1 at 2022-04-01 21:43:17 -0300
Processing by HomeController#index as HTML
  Rendering layout layouts/main.html.erb
  Rendering home/index.html.erb within layouts/main
  [1m[36mShopItem Load (0.1ms)[0m  [1m[34mSELECT "shop_items".* FROM "shop_items"[0m
  ↳ app/views/home/index.html.erb:2
  Rendered home/index.html.erb within layouts/main (Duration: 1.2ms | Allocations: 586)
  Rendered layout layouts/main.html.erb (Duration: 1.8ms | Allocations: 692)
Completed 200 OK in 4ms (Views: 2.4ms | ActiveRecord: 0.1ms | Allocations: 983)


Started GET "/" for ::1 at 2022-04-01 21:43:18 -0300
Processing by HomeController#index as HTML
  Rendering layout layouts/main.html.erb
  Rendering home/index.html.erb within layouts/main
  [1m[36mShopItem Load (0.2ms)[0m  [1m[34mSELECT "shop_items".* FROM "shop_items"[0m
  ↳ app/views/home/index.html.erb:2
  Rendered home/index.html.erb within layouts/main (Duration: 1.2ms | Allocations: 586)
  Rendered layout layouts/main.html.erb (Duration: 1.8ms | Allocations: 692)
Completed 200 OK in 4ms (Views: 2.4ms | ActiveRecord: 0.2ms | Allocations: 960)


Started GET "/" for ::1 at 2022-04-01 21:43:18 -0300
Processing by HomeController#index as HTML
  Rendering layout layouts/main.html.erb
  Rendering home/index.html.erb within layouts/main
  [1m[36mShopItem Load (0.1ms)[0m  [1m[34mSELECT "shop_items".* FROM "shop_items"[0m
  ↳ app/views/home/index.html.erb:2
  Rendered home/index.html.erb within layouts/main (Duration: 1.2ms | Allocations: 586)
  Rendered layout layouts/main.html.erb (Duration: 1.8ms | Allocations: 692)
Completed 200 OK in 4ms (Views: 2.4ms | ActiveRecord: 0.1ms | Allocations: 960)


Started GET "/" for ::1 at 2022-04-01 21:43:32 -0300
Processing by HomeController#index as HTML
  Rendering layout layouts/main.html.erb
  Rendering home/index.html.erb within layouts/main
  [1m[36mShopItem Load (0.2ms)[0m  [1m[34mSELECT "shop_items".* FROM "shop_items"[0m
  ↳ app/views/home/index.html.erb:2
  Rendered home/index.html.erb within layouts/main (Duration: 1.9ms | Allocations: 850)
  Rendered layout layouts/main.html.erb (Duration: 2.8ms | Allocations: 1090)
Completed 200 OK in 7ms (Views: 4.7ms | ActiveRecord: 0.2ms | Allocations: 1828)


Started GET "/" for ::1 at 2022-04-01 21:45:36 -0300
Processing by HomeController#index as HTML
  Rendering layout layouts/main.html.erb
  Rendering home/index.html.erb within layouts/main
  [1m[36mShopItem Load (0.2ms)[0m  [1m[34mSELECT "shop_items".* FROM "shop_items"[0m
  ↳ app/views/home/index.html.erb:2
  Rendered home/index.html.erb within layouts/main (Duration: 1.9ms | Allocations: 850)
  Rendered layout layouts/main.html.erb (Duration: 96.9ms | Allocations: 24876)
Completed 200 OK in 101ms (Views: 98.9ms | ActiveRecord: 0.2ms | Allocations: 25636)


Started GET "/" for ::1 at 2022-04-01 21:46:11 -0300
Processing by HomeController#index as HTML
  Rendering layout layouts/main.html.erb
  Rendering home/index.html.erb within layouts/main
  [1m[36mShopItem Load (0.2ms)[0m  [1m[34mSELECT "shop_items".* FROM "shop_items"[0m
  ↳ app/views/home/index.html.erb:2
  Rendered home/index.html.erb within layouts/main (Duration: 1.1ms | Allocations: 586)
  Rendered layout layouts/main.html.erb (Duration: 22.5ms | Allocations: 2837)
Completed 200 OK in 24ms (Views: 23.0ms | ActiveRecord: 0.2ms | Allocations: 3128)


Started GET "/" for ::1 at 2022-04-01 21:46:12 -0300
Processing by HomeController#index as HTML
  Rendering layout layouts/main.html.erb
  Rendering home/index.html.erb within layouts/main
  [1m[36mShopItem Load (0.1ms)[0m  [1m[34mSELECT "shop_items".* FROM "shop_items"[0m
  ↳ app/views/home/index.html.erb:2
  Rendered home/index.html.erb within layouts/main (Duration: 1.3ms | Allocations: 586)
  Rendered layout layouts/main.html.erb (Duration: 4.7ms | Allocations: 1483)
Completed 200 OK in 7ms (Views: 5.3ms | ActiveRecord: 0.1ms | Allocations: 1751)


Started GET "/" for ::1 at 2022-04-01 21:46:25 -0300
Processing by HomeController#index as HTML
  Rendering layout layouts/main.html.erb
  Rendering home/index.html.erb within layouts/main
  [1m[36mShopItem Load (0.2ms)[0m  [1m[34mSELECT "shop_items".* FROM "shop_items"[0m
  ↳ app/views/home/index.html.erb:2
  Rendered home/index.html.erb within layouts/main (Duration: 1.4ms | Allocations: 586)
  Rendered layout layouts/main.html.erb (Duration: 51.4ms | Allocations: 2838)
Completed 200 OK in 53ms (Views: 52.0ms | ActiveRecord: 0.2ms | Allocations: 3106)


Started GET "/" for ::1 at 2022-04-01 21:46:45 -0300
Processing by HomeController#index as HTML
  Rendering layout layouts/main.html.erb
  Rendering home/index.html.erb within layouts/main
  [1m[36mShopItem Load (0.2ms)[0m  [1m[34mSELECT "shop_items".* FROM "shop_items"[0m
  ↳ app/views/home/index.html.erb:2
  Rendered home/index.html.erb within layouts/main (Duration: 1.3ms | Allocations: 586)
  Rendered layout layouts/main.html.erb (Duration: 50.3ms | Allocations: 2841)
Completed 200 OK in 53ms (Views: 50.9ms | ActiveRecord: 0.2ms | Allocations: 3109)


Started GET "/" for ::1 at 2022-04-01 21:46:55 -0300
Processing by HomeController#index as HTML
  Rendering layout layouts/main.html.erb
  Rendering home/index.html.erb within layouts/main
  [1m[36mShopItem Load (0.2ms)[0m  [1m[34mSELECT "shop_items".* FROM "shop_items"[0m
  ↳ app/views/home/index.html.erb:2
  Rendered home/index.html.erb within layouts/main (Duration: 1.3ms | Allocations: 586)
  Rendered layout layouts/main.html.erb (Duration: 25.9ms | Allocations: 2838)
Completed 200 OK in 28ms (Views: 26.5ms | ActiveRecord: 0.2ms | Allocations: 3106)


Started GET "/" for ::1 at 2022-04-01 21:47:14 -0300
Processing by HomeController#index as HTML
  Rendering layout layouts/main.html.erb
  Rendering home/index.html.erb within layouts/main
  [1m[36mShopItem Load (0.2ms)[0m  [1m[34mSELECT "shop_items".* FROM "shop_items"[0m
  ↳ app/views/home/index.html.erb:2
  Rendered home/index.html.erb within layouts/main (Duration: 1.3ms | Allocations: 586)
  Rendered layout layouts/main.html.erb (Duration: 53.9ms | Allocations: 2842)
Completed 200 OK in 56ms (Views: 54.5ms | ActiveRecord: 0.2ms | Allocations: 3110)


Started GET "/" for ::1 at 2022-04-01 21:47:44 -0300
Processing by HomeController#index as HTML
  Rendering layout layouts/main.html.erb
  Rendering home/index.html.erb within layouts/main
  [1m[36mShopItem Load (0.1ms)[0m  [1m[34mSELECT "shop_items".* FROM "shop_items"[0m
  ↳ app/views/home/index.html.erb:2
  Rendered home/index.html.erb within layouts/main (Duration: 1.3ms | Allocations: 586)
  Rendered layout layouts/main.html.erb (Duration: 60.1ms | Allocations: 2842)
Completed 200 OK in 62ms (Views: 60.8ms | ActiveRecord: 0.1ms | Allocations: 3110)


Started GET "/" for ::1 at 2022-04-01 21:48:33 -0300
Processing by HomeController#index as HTML
  Rendering layout layouts/main.html.erb
  Rendering home/index.html.erb within layouts/main
  [1m[36mShopItem Load (0.2ms)[0m  [1m[34mSELECT "shop_items".* FROM "shop_items"[0m
  ↳ app/views/home/index.html.erb:2
  Rendered home/index.html.erb within layouts/main (Duration: 1.3ms | Allocations: 586)
  Rendered layout layouts/main.html.erb (Duration: 25.5ms | Allocations: 2843)
Completed 200 OK in 27ms (Views: 26.1ms | ActiveRecord: 0.2ms | Allocations: 3111)


Started GET "/" for ::1 at 2022-04-01 21:48:34 -0300
Processing by HomeController#index as HTML
  Rendering layout layouts/main.html.erb
  Rendering home/index.html.erb within layouts/main
  [1m[36mShopItem Load (0.1ms)[0m  [1m[34mSELECT "shop_items".* FROM "shop_items"[0m
  ↳ app/views/home/index.html.erb:2
  Rendered home/index.html.erb within layouts/main (Duration: 1.3ms | Allocations: 586)
  Rendered layout layouts/main.html.erb (Duration: 4.4ms | Allocations: 1483)
Completed 200 OK in 6ms (Views: 5.0ms | ActiveRecord: 0.1ms | Allocations: 1751)


Started GET "/" for ::1 at 2022-04-01 21:48:38 -0300
Processing by HomeController#index as HTML
  Rendering layout layouts/main.html.erb
  Rendering home/index.html.erb within layouts/main
  [1m[36mShopItem Load (0.2ms)[0m  [1m[34mSELECT "shop_items".* FROM "shop_items"[0m
  ↳ app/views/home/index.html.erb:2
  Rendered home/index.html.erb within layouts/main (Duration: 1.2ms | Allocations: 586)
  Rendered layout layouts/main.html.erb (Duration: 24.0ms | Allocations: 2840)
Completed 200 OK in 26ms (Views: 24.6ms | ActiveRecord: 0.2ms | Allocations: 3108)


Started GET "/" for ::1 at 2022-04-01 21:48:38 -0300
Processing by HomeController#index as HTML
  Rendering layout layouts/main.html.erb
  Rendering home/index.html.erb within layouts/main
  [1m[36mShopItem Load (0.2ms)[0m  [1m[34mSELECT "shop_items".* FROM "shop_items"[0m
  ↳ app/views/home/index.html.erb:2
  Rendered home/index.html.erb within layouts/main (Duration: 1.2ms | Allocations: 586)
  Rendered layout layouts/main.html.erb (Duration: 4.4ms | Allocations: 1483)
Completed 200 OK in 7ms (Views: 5.2ms | ActiveRecord: 0.2ms | Allocations: 1751)


Started GET "/" for ::1 at 2022-04-01 21:48:41 -0300
Processing by HomeController#index as HTML
  Rendering layout layouts/main.html.erb
  Rendering home/index.html.erb within layouts/main
  [1m[36mShopItem Load (0.2ms)[0m  [1m[34mSELECT "shop_items".* FROM "shop_items"[0m
  ↳ app/views/home/index.html.erb:2
  Rendered home/index.html.erb within layouts/main (Duration: 1.3ms | Allocations: 586)
  Rendered layout layouts/main.html.erb (Duration: 6.7ms | Allocations: 1527)
Completed 200 OK in 9ms (Views: 7.3ms | ActiveRecord: 0.2ms | Allocations: 1795)


Started GET "/" for ::1 at 2022-04-01 21:49:09 -0300
Processing by HomeController#index as HTML
  Rendering layout layouts/main.html.erb
  Rendering home/index.html.erb within layouts/main
  [1m[36mShopItem Load (0.1ms)[0m  [1m[34mSELECT "shop_items".* FROM "shop_items"[0m
  ↳ app/views/home/index.html.erb:2
  Rendered home/index.html.erb within layouts/main (Duration: 1.2ms | Allocations: 586)
  Rendered layout layouts/main.html.erb (Duration: 26.5ms | Allocations: 2843)
Completed 200 OK in 29ms (Views: 27.1ms | ActiveRecord: 0.1ms | Allocations: 3111)


Started GET "/" for ::1 at 2022-04-01 21:49:18 -0300
Processing by HomeController#index as HTML
  Rendering layout layouts/main.html.erb
  Rendering home/index.html.erb within layouts/main
  [1m[36mShopItem Load (0.2ms)[0m  [1m[34mSELECT "shop_items".* FROM "shop_items"[0m
  ↳ app/views/home/index.html.erb:2
  Rendered home/index.html.erb within layouts/main (Duration: 1.5ms | Allocations: 586)
  Rendered layout layouts/main.html.erb (Duration: 26.1ms | Allocations: 2843)
Completed 200 OK in 29ms (Views: 27.0ms | ActiveRecord: 0.2ms | Allocations: 3111)


Started GET "/" for ::1 at 2022-04-01 21:49:19 -0300
Processing by HomeController#index as HTML
  Rendering layout layouts/main.html.erb
  Rendering home/index.html.erb within layouts/main
  [1m[36mShopItem Load (0.2ms)[0m  [1m[34mSELECT "shop_items".* FROM "shop_items"[0m
  ↳ app/views/home/index.html.erb:2
  Rendered home/index.html.erb within layouts/main (Duration: 1.3ms | Allocations: 586)
  Rendered layout layouts/main.html.erb (Duration: 4.4ms | Allocations: 1483)
Completed 200 OK in 6ms (Views: 5.0ms | ActiveRecord: 0.2ms | Allocations: 1751)


Started GET "/" for ::1 at 2022-04-01 21:49:23 -0300
Processing by HomeController#index as HTML
  Rendering layout layouts/main.html.erb
  Rendering home/index.html.erb within layouts/main
  [1m[36mShopItem Load (0.3ms)[0m  [1m[34mSELECT "shop_items".* FROM "shop_items"[0m
  ↳ app/views/home/index.html.erb:2
  Rendered home/index.html.erb within layouts/main (Duration: 1.7ms | Allocations: 586)
  Rendered layout layouts/main.html.erb (Duration: 11.3ms | Allocations: 1527)
Completed 200 OK in 14ms (Views: 12.0ms | ActiveRecord: 0.3ms | Allocations: 1795)


Started GET "/" for ::1 at 2022-04-01 21:49:34 -0300
Processing by HomeController#index as HTML
  Rendering layout layouts/main.html.erb
  Rendering home/index.html.erb within layouts/main
  [1m[36mShopItem Load (0.2ms)[0m  [1m[34mSELECT "shop_items".* FROM "shop_items"[0m
  ↳ app/views/home/index.html.erb:2
  Rendered home/index.html.erb within layouts/main (Duration: 1.3ms | Allocations: 586)
  Rendered layout layouts/main.html.erb (Duration: 30.8ms | Allocations: 2847)
Completed 200 OK in 35ms (Views: 33.3ms | ActiveRecord: 0.2ms | Allocations: 3115)


Started GET "/" for ::1 at 2022-04-01 21:49:38 -0300
Processing by HomeController#index as HTML
  Rendering layout layouts/main.html.erb
  Rendering home/index.html.erb within layouts/main
  [1m[36mShopItem Load (0.2ms)[0m  [1m[34mSELECT "shop_items".* FROM "shop_items"[0m
  ↳ app/views/home/index.html.erb:2
  Rendered home/index.html.erb within layouts/main (Duration: 1.6ms | Allocations: 586)
  Rendered layout layouts/main.html.erb (Duration: 52.2ms | Allocations: 2853)
Completed 200 OK in 54ms (Views: 52.9ms | ActiveRecord: 0.2ms | Allocations: 3121)


Started GET "/" for ::1 at 2022-04-01 21:50:08 -0300
Processing by HomeController#index as HTML
  Rendering layout layouts/main.html.erb
  Rendering home/index.html.erb within layouts/main
  [1m[36mShopItem Load (0.2ms)[0m  [1m[34mSELECT "shop_items".* FROM "shop_items"[0m
  ↳ app/views/home/index.html.erb:2
  Rendered home/index.html.erb within layouts/main (Duration: 1.4ms | Allocations: 586)
  Rendered layout layouts/main.html.erb (Duration: 31.7ms | Allocations: 2854)
Completed 200 OK in 34ms (Views: 32.4ms | ActiveRecord: 0.2ms | Allocations: 3122)


Started GET "/" for ::1 at 2022-04-01 21:50:24 -0300
Processing by HomeController#index as HTML
  Rendering layout layouts/main.html.erb
  Rendering home/index.html.erb within layouts/main
  [1m[36mShopItem Load (0.1ms)[0m  [1m[34mSELECT "shop_items".* FROM "shop_items"[0m
  ↳ app/views/home/index.html.erb:2
  Rendered home/index.html.erb within layouts/main (Duration: 1.4ms | Allocations: 586)
  Rendered layout layouts/main.html.erb (Duration: 41.8ms | Allocations: 2855)
Completed 200 OK in 44ms (Views: 42.4ms | ActiveRecord: 0.1ms | Allocations: 3123)


Started GET "/" for ::1 at 2022-04-01 21:50:37 -0300
Processing by HomeController#index as HTML
  Rendering layout layouts/main.html.erb
  Rendering home/index.html.erb within layouts/main
  [1m[36mShopItem Load (0.2ms)[0m  [1m[34mSELECT "shop_items".* FROM "shop_items"[0m
  ↳ app/views/home/index.html.erb:2
  Rendered home/index.html.erb within layouts/main (Duration: 1.3ms | Allocations: 586)
  Rendered layout layouts/main.html.erb (Duration: 26.9ms | Allocations: 2856)
Completed 200 OK in 29ms (Views: 27.6ms | ActiveRecord: 0.2ms | Allocations: 3124)


Started GET "/" for ::1 at 2022-04-01 21:51:20 -0300
Processing by HomeController#index as HTML
  Rendering layout layouts/main.html.erb
  Rendering home/index.html.erb within layouts/main
  [1m[36mShopItem Load (0.1ms)[0m  [1m[34mSELECT "shop_items".* FROM "shop_items"[0m
  ↳ app/views/home/index.html.erb:2
  Rendered home/index.html.erb within layouts/main (Duration: 1.3ms | Allocations: 586)
  Rendered layout layouts/main.html.erb (Duration: 23.9ms | Allocations: 2854)
Completed 200 OK in 26ms (Views: 24.5ms | ActiveRecord: 0.1ms | Allocations: 3122)


Started GET "/" for ::1 at 2022-04-01 21:51:39 -0300
Processing by HomeController#index as HTML
  Rendering layout layouts/main.html.erb
  Rendering home/index.html.erb within layouts/main
  [1m[36mShopItem Load (0.1ms)[0m  [1m[34mSELECT "shop_items".* FROM "shop_items"[0m
  ↳ app/views/home/index.html.erb:2
  Rendered home/index.html.erb within layouts/main (Duration: 1.2ms | Allocations: 586)
  Rendered layout layouts/main.html.erb (Duration: 22.9ms | Allocations: 2855)
Completed 200 OK in 25ms (Views: 23.5ms | ActiveRecord: 0.1ms | Allocations: 3123)


Started GET "/" for ::1 at 2022-04-01 21:53:45 -0300
Processing by HomeController#index as HTML
  Rendering layout layouts/main.html.erb
  Rendering home/index.html.erb within layouts/main
  [1m[36mShopItem Load (0.2ms)[0m  [1m[34mSELECT "shop_items".* FROM "shop_items"[0m
  ↳ app/views/home/index.html.erb:2
  Rendered home/index.html.erb within layouts/main (Duration: 1.4ms | Allocations: 586)
  Rendered layout layouts/main.html.erb (Duration: 21.9ms | Allocations: 2862)
Completed 200 OK in 24ms (Views: 22.7ms | ActiveRecord: 0.2ms | Allocations: 3130)


Started GET "/" for ::1 at 2022-04-01 21:54:11 -0300
Processing by HomeController#index as HTML
  Rendering layout layouts/main.html.erb
  Rendering home/index.html.erb within layouts/main
  [1m[36mShopItem Load (0.1ms)[0m  [1m[34mSELECT "shop_items".* FROM "shop_items"[0m
  ↳ app/views/home/index.html.erb:2
  Rendered home/index.html.erb within layouts/main (Duration: 1.3ms | Allocations: 586)
  Rendered layout layouts/main.html.erb (Duration: 23.2ms | Allocations: 2862)
Completed 200 OK in 25ms (Views: 23.8ms | ActiveRecord: 0.1ms | Allocations: 3130)


Started GET "/" for ::1 at 2022-04-01 21:55:43 -0300
Processing by HomeController#index as HTML
  Rendering layout layouts/main.html.erb
  Rendering home/index.html.erb within layouts/main
  [1m[36mShopItem Load (0.2ms)[0m  [1m[34mSELECT "shop_items".* FROM "shop_items"[0m
  ↳ app/views/home/index.html.erb:2
  Rendered home/index.html.erb within layouts/main (Duration: 1.4ms | Allocations: 586)
  Rendered layout layouts/main.html.erb (Duration: 23.3ms | Allocations: 2868)
Completed 200 OK in 25ms (Views: 23.9ms | ActiveRecord: 0.2ms | Allocations: 3136)


Started GET "/" for ::1 at 2022-04-01 21:56:13 -0300
Processing by HomeController#index as HTML
  Rendering layout layouts/main.html.erb
  Rendering home/index.html.erb within layouts/main
  [1m[36mShopItem Load (0.2ms)[0m  [1m[34mSELECT "shop_items".* FROM "shop_items"[0m
  ↳ app/views/home/index.html.erb:2
  Rendered home/index.html.erb within layouts/main (Duration: 1.1ms | Allocations: 586)
  Rendered layout layouts/main.html.erb (Duration: 4.5ms | Allocations: 1483)
Completed 200 OK in 7ms (Views: 5.0ms | ActiveRecord: 0.2ms | Allocations: 1751)


Started GET "/" for ::1 at 2022-04-01 21:56:24 -0300
Processing by HomeController#index as HTML
  Rendering layout layouts/main.html.erb
  Rendering home/index.html.erb within layouts/main
  [1m[36mShopItem Load (0.1ms)[0m  [1m[34mSELECT "shop_items".* FROM "shop_items"[0m
  ↳ app/views/home/index.html.erb:2
  Rendered home/index.html.erb within layouts/main (Duration: 1.4ms | Allocations: 586)
  Rendered layout layouts/main.html.erb (Duration: 40.5ms | Allocations: 2856)
Completed 200 OK in 42ms (Views: 41.1ms | ActiveRecord: 0.1ms | Allocations: 3124)


Started GET "/" for ::1 at 2022-04-01 21:56:25 -0300
Processing by HomeController#index as HTML
  Rendering layout layouts/main.html.erb
  Rendering home/index.html.erb within layouts/main
  [1m[36mShopItem Load (0.2ms)[0m  [1m[34mSELECT "shop_items".* FROM "shop_items"[0m
  ↳ app/views/home/index.html.erb:2
  Rendered home/index.html.erb within layouts/main (Duration: 1.3ms | Allocations: 586)
  Rendered layout layouts/main.html.erb (Duration: 4.5ms | Allocations: 1483)
Completed 200 OK in 6ms (Views: 5.0ms | ActiveRecord: 0.2ms | Allocations: 1751)


Started GET "/" for ::1 at 2022-04-01 21:56:51 -0300
Processing by HomeController#index as HTML
  Rendering layout layouts/main.html.erb
  Rendering home/index.html.erb within layouts/main
  [1m[36mShopItem Load (0.1ms)[0m  [1m[34mSELECT "shop_items".* FROM "shop_items"[0m
  ↳ app/views/home/index.html.erb:2
  Rendered home/index.html.erb within layouts/main (Duration: 1.3ms | Allocations: 586)
  Rendered layout layouts/main.html.erb (Duration: 26.7ms | Allocations: 2862)
Completed 200 OK in 29ms (Views: 27.5ms | ActiveRecord: 0.1ms | Allocations: 3130)


Started GET "/" for ::1 at 2022-04-01 21:57:13 -0300
Processing by HomeController#index as HTML
  Rendering layout layouts/main.html.erb
  Rendering home/index.html.erb within layouts/main
  [1m[36mShopItem Load (0.2ms)[0m  [1m[34mSELECT "shop_items".* FROM "shop_items"[0m
  ↳ app/views/home/index.html.erb:2
  Rendered home/index.html.erb within layouts/main (Duration: 1.9ms | Allocations: 855)
  Rendered layout layouts/main.html.erb (Duration: 6.4ms | Allocations: 2060)
Completed 200 OK in 11ms (Views: 8.4ms | ActiveRecord: 0.2ms | Allocations: 2797)


Started GET "/home" for ::1 at 2022-04-01 21:57:15 -0300
Processing by HomeController#index as HTML
  Rendering layout layouts/main.html.erb
  Rendering home/index.html.erb within layouts/main
  [1m[36mShopItem Load (0.2ms)[0m  [1m[34mSELECT "shop_items".* FROM "shop_items"[0m
  ↳ app/views/home/index.html.erb:2
  Rendered home/index.html.erb within layouts/main (Duration: 1.4ms | Allocations: 586)
  Rendered layout layouts/main.html.erb (Duration: 4.7ms | Allocations: 1483)
Completed 200 OK in 7ms (Views: 5.2ms | ActiveRecord: 0.2ms | Allocations: 1774)


Started GET "/home" for ::1 at 2022-04-01 21:57:15 -0300
Processing by HomeController#index as HTML
  Rendering layout layouts/main.html.erb
  Rendering home/index.html.erb within layouts/main
  [1m[36mShopItem Load (0.1ms)[0m  [1m[34mSELECT "shop_items".* FROM "shop_items"[0m
  ↳ app/views/home/index.html.erb:2
  Rendered home/index.html.erb within layouts/main (Duration: 1.2ms | Allocations: 586)
  Rendered layout layouts/main.html.erb (Duration: 4.3ms | Allocations: 1483)
Completed 200 OK in 6ms (Views: 5.0ms | ActiveRecord: 0.1ms | Allocations: 1751)


Started GET "/home" for ::1 at 2022-04-01 21:57:19 -0300
Processing by HomeController#index as HTML
  Rendering layout layouts/main.html.erb
  Rendering home/index.html.erb within layouts/main
  [1m[36mShopItem Load (0.2ms)[0m  [1m[34mSELECT "shop_items".* FROM "shop_items"[0m
  ↳ app/views/home/index.html.erb:2
  Rendered home/index.html.erb within layouts/main (Duration: 2.1ms | Allocations: 850)
  Rendered layout layouts/main.html.erb (Duration: 5.8ms | Allocations: 2055)
Completed 200 OK in 10ms (Views: 7.7ms | ActiveRecord: 0.2ms | Allocations: 2792)


Started GET "/" for ::1 at 2022-04-01 21:57:20 -0300
Processing by HomeController#index as HTML
  Rendering layout layouts/main.html.erb
  Rendering home/index.html.erb within layouts/main
  [1m[36mShopItem Load (0.1ms)[0m  [1m[34mSELECT "shop_items".* FROM "shop_items"[0m
  ↳ app/views/home/index.html.erb:2
  Rendered home/index.html.erb within layouts/main (Duration: 1.3ms | Allocations: 586)
  Rendered layout layouts/main.html.erb (Duration: 4.4ms | Allocations: 1483)
Completed 200 OK in 6ms (Views: 5.0ms | ActiveRecord: 0.1ms | Allocations: 1774)


Started GET "/" for ::1 at 2022-04-01 21:57:20 -0300
Processing by HomeController#index as HTML
  Rendering layout layouts/main.html.erb
  Rendering home/index.html.erb within layouts/main
  [1m[36mShopItem Load (0.1ms)[0m  [1m[34mSELECT "shop_items".* FROM "shop_items"[0m
  ↳ app/views/home/index.html.erb:2
  Rendered home/index.html.erb within layouts/main (Duration: 3.8ms | Allocations: 586)
  Rendered layout layouts/main.html.erb (Duration: 6.8ms | Allocations: 1488)
Completed 200 OK in 9ms (Views: 7.4ms | ActiveRecord: 0.1ms | Allocations: 1756)


Started GET "/" for ::1 at 2022-04-01 21:57:35 -0300
Processing by HomeController#index as HTML
  Rendering layout layouts/main.html.erb
  Rendering home/index.html.erb within layouts/main
  [1m[36mShopItem Load (0.2ms)[0m  [1m[34mSELECT "shop_items".* FROM "shop_items"[0m
  ↳ app/views/home/index.html.erb:2
  Rendered home/index.html.erb within layouts/main (Duration: 1.5ms | Allocations: 586)
  Rendered layout layouts/main.html.erb (Duration: 27.2ms | Allocations: 2953)
Completed 200 OK in 29ms (Views: 27.8ms | ActiveRecord: 0.2ms | Allocations: 3221)


Started GET "/" for ::1 at 2022-04-01 21:57:40 -0300
Processing by HomeController#index as HTML
  Rendering layout layouts/main.html.erb
  Rendering home/index.html.erb within layouts/main
  [1m[36mShopItem Load (0.2ms)[0m  [1m[34mSELECT "shop_items".* FROM "shop_items"[0m
  ↳ app/views/home/index.html.erb:2
  Rendered home/index.html.erb within layouts/main (Duration: 1.2ms | Allocations: 586)
  Rendered layout layouts/main.html.erb (Duration: 25.8ms | Allocations: 2859)
Completed 200 OK in 28ms (Views: 26.6ms | ActiveRecord: 0.2ms | Allocations: 3127)


Started GET "/" for ::1 at 2022-04-01 21:57:41 -0300
Processing by HomeController#index as HTML
  Rendering layout layouts/main.html.erb
  Rendering home/index.html.erb within layouts/main
  [1m[36mShopItem Load (0.2ms)[0m  [1m[34mSELECT "shop_items".* FROM "shop_items"[0m
  ↳ app/views/home/index.html.erb:2
  Rendered home/index.html.erb within layouts/main (Duration: 1.2ms | Allocations: 586)
  Rendered layout layouts/main.html.erb (Duration: 4.2ms | Allocations: 1483)
Completed 200 OK in 6ms (Views: 4.9ms | ActiveRecord: 0.2ms | Allocations: 1751)


Started GET "/" for ::1 at 2022-04-01 21:57:45 -0300
Processing by HomeController#index as HTML
  Rendering layout layouts/main.html.erb
  Rendering home/index.html.erb within layouts/main
  [1m[36mShopItem Load (0.3ms)[0m  [1m[34mSELECT "shop_items".* FROM "shop_items"[0m
  ↳ app/views/home/index.html.erb:2
  Rendered home/index.html.erb within layouts/main (Duration: 1.3ms | Allocations: 586)
  Rendered layout layouts/main.html.erb (Duration: 4.4ms | Allocations: 1483)
Completed 200 OK in 6ms (Views: 4.9ms | ActiveRecord: 0.3ms | Allocations: 1751)


Started GET "/" for ::1 at 2022-04-01 21:58:34 -0300
Processing by HomeController#index as HTML
  Rendering layout layouts/main.html.erb
  Rendering home/index.html.erb within layouts/main
  [1m[36mShopItem Load (0.2ms)[0m  [1m[34mSELECT "shop_items".* FROM "shop_items"[0m
  ↳ app/views/home/index.html.erb:2
  Rendered home/index.html.erb within layouts/main (Duration: 1.3ms | Allocations: 586)
  Rendered layout layouts/main.html.erb (Duration: 26.3ms | Allocations: 2861)
Completed 200 OK in 28ms (Views: 27.0ms | ActiveRecord: 0.2ms | Allocations: 3129)


Started GET "/" for ::1 at 2022-04-01 21:58:35 -0300
Processing by HomeController#index as HTML
  Rendering layout layouts/main.html.erb
  Rendering home/index.html.erb within layouts/main
  [1m[36mShopItem Load (0.2ms)[0m  [1m[34mSELECT "shop_items".* FROM "shop_items"[0m
  ↳ app/views/home/index.html.erb:2
  Rendered home/index.html.erb within layouts/main (Duration: 1.7ms | Allocations: 586)
  Rendered layout layouts/main.html.erb (Duration: 6.1ms | Allocations: 1483)
Completed 200 OK in 8ms (Views: 6.9ms | ActiveRecord: 0.2ms | Allocations: 1751)


Started GET "/" for ::1 at 2022-04-01 21:58:45 -0300
Processing by HomeController#index as HTML
  Rendering layout layouts/main.html.erb
  Rendering home/index.html.erb within layouts/main
  [1m[36mShopItem Load (0.1ms)[0m  [1m[34mSELECT "shop_items".* FROM "shop_items"[0m
  ↳ app/views/home/index.html.erb:2
  Rendered home/index.html.erb within layouts/main (Duration: 1.2ms | Allocations: 586)
  Rendered layout layouts/main.html.erb (Duration: 4.4ms | Allocations: 1483)
Completed 200 OK in 6ms (Views: 4.9ms | ActiveRecord: 0.1ms | Allocations: 1751)


Started GET "/" for ::1 at 2022-04-01 21:58:46 -0300
Processing by HomeController#index as HTML
  Rendering layout layouts/main.html.erb
  Rendering home/index.html.erb within layouts/main
  [1m[36mShopItem Load (0.1ms)[0m  [1m[34mSELECT "shop_items".* FROM "shop_items"[0m
  ↳ app/views/home/index.html.erb:2
  Rendered home/index.html.erb within layouts/main (Duration: 1.2ms | Allocations: 586)
  Rendered layout layouts/main.html.erb (Duration: 4.7ms | Allocations: 1483)
Completed 200 OK in 7ms (Views: 5.3ms | ActiveRecord: 0.1ms | Allocations: 1751)


Started GET "/" for ::1 at 2022-04-01 21:58:49 -0300
Processing by HomeController#index as HTML
  Rendering layout layouts/main.html.erb
  Rendering home/index.html.erb within layouts/main
  [1m[36mShopItem Load (0.1ms)[0m  [1m[34mSELECT "shop_items".* FROM "shop_items"[0m
  ↳ app/views/home/index.html.erb:2
  Rendered home/index.html.erb within layouts/main (Duration: 1.2ms | Allocations: 586)
  Rendered layout layouts/main.html.erb (Duration: 4.1ms | Allocations: 1483)
Completed 200 OK in 6ms (Views: 4.7ms | ActiveRecord: 0.1ms | Allocations: 1751)


Started GET "/" for ::1 at 2022-04-01 21:58:51 -0300
Processing by HomeController#index as HTML
  Rendering layout layouts/main.html.erb
  Rendering home/index.html.erb within layouts/main
  [1m[36mShopItem Load (0.2ms)[0m  [1m[34mSELECT "shop_items".* FROM "shop_items"[0m
  ↳ app/views/home/index.html.erb:2
  Rendered home/index.html.erb within layouts/main (Duration: 1.1ms | Allocations: 586)
  Rendered layout layouts/main.html.erb (Duration: 4.1ms | Allocations: 1483)
Completed 200 OK in 6ms (Views: 4.6ms | ActiveRecord: 0.2ms | Allocations: 1751)


Started GET "/" for ::1 at 2022-04-01 21:58:52 -0300
Processing by HomeController#index as HTML
  Rendering layout layouts/main.html.erb
  Rendering home/index.html.erb within layouts/main
  [1m[36mShopItem Load (0.2ms)[0m  [1m[34mSELECT "shop_items".* FROM "shop_items"[0m
  ↳ app/views/home/index.html.erb:2
  Rendered home/index.html.erb within layouts/main (Duration: 1.2ms | Allocations: 586)
  Rendered layout layouts/main.html.erb (Duration: 4.3ms | Allocations: 1483)
Completed 200 OK in 6ms (Views: 4.8ms | ActiveRecord: 0.2ms | Allocations: 1751)


Started GET "/" for ::1 at 2022-04-01 22:00:37 -0300
Processing by HomeController#index as HTML
  Rendering layout layouts/main.html.erb
  Rendering home/index.html.erb within layouts/main
  [1m[36mShopItem Load (0.2ms)[0m  [1m[34mSELECT "shop_items".* FROM "shop_items"[0m
  ↳ app/views/home/index.html.erb:2
  Rendered home/index.html.erb within layouts/main (Duration: 1.4ms | Allocations: 586)
  Rendered layout layouts/main.html.erb (Duration: 53.1ms | Allocations: 2862)
Completed 200 OK in 55ms (Views: 53.7ms | ActiveRecord: 0.2ms | Allocations: 3130)


Started GET "/" for ::1 at 2022-04-01 22:00:55 -0300
Processing by HomeController#index as HTML
  Rendering layout layouts/main.html.erb
  Rendering home/index.html.erb within layouts/main
  [1m[36mShopItem Load (0.1ms)[0m  [1m[34mSELECT "shop_items".* FROM "shop_items"[0m
  ↳ app/views/home/index.html.erb:2
  Rendered home/index.html.erb within layouts/main (Duration: 1.1ms | Allocations: 586)
  Rendered layout layouts/main.html.erb (Duration: 23.1ms | Allocations: 2857)
Completed 200 OK in 25ms (Views: 23.6ms | ActiveRecord: 0.1ms | Allocations: 3125)


Started GET "/" for ::1 at 2022-04-01 22:01:06 -0300
Processing by HomeController#index as HTML
  Rendering layout layouts/main.html.erb
  Rendering home/index.html.erb within layouts/main
  [1m[36mShopItem Load (0.2ms)[0m  [1m[34mSELECT "shop_items".* FROM "shop_items"[0m
  ↳ app/views/home/index.html.erb:2
  Rendered home/index.html.erb within layouts/main (Duration: 1.3ms | Allocations: 586)
  Rendered layout layouts/main.html.erb (Duration: 49.2ms | Allocations: 2864)
Completed 200 OK in 51ms (Views: 49.9ms | ActiveRecord: 0.2ms | Allocations: 3132)


Started GET "/" for ::1 at 2022-04-01 22:01:36 -0300
Processing by HomeController#index as HTML
  Rendering layout layouts/main.html.erb
  Rendering home/index.html.erb within layouts/main
  [1m[36mShopItem Load (0.2ms)[0m  [1m[34mSELECT "shop_items".* FROM "shop_items"[0m
  ↳ app/views/home/index.html.erb:2
  Rendered home/index.html.erb within layouts/main (Duration: 1.4ms | Allocations: 586)
  Rendered layout layouts/main.html.erb (Duration: 180.2ms | Allocations: 2867)
Completed 200 OK in 182ms (Views: 180.9ms | ActiveRecord: 0.2ms | Allocations: 3135)


Started GET "/" for ::1 at 2022-04-01 22:02:06 -0300
Processing by HomeController#index as HTML
  Rendering layout layouts/main.html.erb
  Rendering home/index.html.erb within layouts/main
  [1m[36mShopItem Load (0.2ms)[0m  [1m[34mSELECT "shop_items".* FROM "shop_items"[0m
  ↳ app/views/home/index.html.erb:2
  Rendered home/index.html.erb within layouts/main (Duration: 1.1ms | Allocations: 586)
  Rendered layout layouts/main.html.erb (Duration: 48.4ms | Allocations: 2865)
Completed 200 OK in 50ms (Views: 49.0ms | ActiveRecord: 0.2ms | Allocations: 3133)


Started GET "/" for ::1 at 2022-04-01 22:02:15 -0300
Processing by HomeController#index as HTML
  Rendering layout layouts/main.html.erb
  Rendering home/index.html.erb within layouts/main
  [1m[36mShopItem Load (0.2ms)[0m  [1m[34mSELECT "shop_items".* FROM "shop_items"[0m
  ↳ app/views/home/index.html.erb:2
  Rendered home/index.html.erb within layouts/main (Duration: 1.4ms | Allocations: 586)
  Rendered layout layouts/main.html.erb (Duration: 45.7ms | Allocations: 2872)
Completed 200 OK in 48ms (Views: 46.4ms | ActiveRecord: 0.2ms | Allocations: 3140)


Started GET "/" for ::1 at 2022-04-01 22:02:26 -0300
Processing by HomeController#index as HTML
  Rendering layout layouts/main.html.erb
  Rendering home/index.html.erb within layouts/main
  [1m[36mShopItem Load (0.2ms)[0m  [1m[34mSELECT "shop_items".* FROM "shop_items"[0m
  ↳ app/views/home/index.html.erb:2
  Rendered home/index.html.erb within layouts/main (Duration: 1.3ms | Allocations: 586)
  Rendered layout layouts/main.html.erb (Duration: 37.0ms | Allocations: 2862)
Completed 200 OK in 39ms (Views: 37.7ms | ActiveRecord: 0.2ms | Allocations: 3130)


Started GET "/" for ::1 at 2022-04-01 22:02:44 -0300
Processing by HomeController#index as HTML
  Rendering layout layouts/main.html.erb
  Rendering home/index.html.erb within layouts/main
  [1m[36mShopItem Load (0.3ms)[0m  [1m[34mSELECT "shop_items".* FROM "shop_items"[0m
  ↳ app/views/home/index.html.erb:2
  Rendered home/index.html.erb within layouts/main (Duration: 2.2ms | Allocations: 586)
  Rendered layout layouts/main.html.erb (Duration: 51.6ms | Allocations: 2869)
Completed 200 OK in 54ms (Views: 52.3ms | ActiveRecord: 0.3ms | Allocations: 3137)


Started GET "/" for ::1 at 2022-04-01 22:02:56 -0300
Processing by HomeController#index as HTML
  Rendering layout layouts/main.html.erb
  Rendering home/index.html.erb within layouts/main
  [1m[36mShopItem Load (0.2ms)[0m  [1m[34mSELECT "shop_items".* FROM "shop_items"[0m
  ↳ app/views/home/index.html.erb:2
  Rendered home/index.html.erb within layouts/main (Duration: 1.2ms | Allocations: 586)
  Rendered layout layouts/main.html.erb (Duration: 50.2ms | Allocations: 2861)
Completed 200 OK in 52ms (Views: 50.9ms | ActiveRecord: 0.2ms | Allocations: 3129)


Started GET "/" for ::1 at 2022-04-01 22:02:59 -0300
Processing by HomeController#index as HTML
  Rendering layout layouts/main.html.erb
  Rendering home/index.html.erb within layouts/main
  [1m[36mShopItem Load (0.2ms)[0m  [1m[34mSELECT "shop_items".* FROM "shop_items"[0m
  ↳ app/views/home/index.html.erb:2
  Rendered home/index.html.erb within layouts/main (Duration: 1.3ms | Allocations: 586)
  Rendered layout layouts/main.html.erb (Duration: 50.1ms | Allocations: 2867)
Completed 200 OK in 52ms (Views: 50.8ms | ActiveRecord: 0.2ms | Allocations: 3135)


Started GET "/" for ::1 at 2022-04-01 22:03:02 -0300
Processing by HomeController#index as HTML
  Rendering layout layouts/main.html.erb
  Rendering home/index.html.erb within layouts/main
  [1m[36mShopItem Load (0.2ms)[0m  [1m[34mSELECT "shop_items".* FROM "shop_items"[0m
  ↳ app/views/home/index.html.erb:2
  Rendered home/index.html.erb within layouts/main (Duration: 1.4ms | Allocations: 586)
  Rendered layout layouts/main.html.erb (Duration: 50.5ms | Allocations: 2864)
Completed 200 OK in 53ms (Views: 51.3ms | ActiveRecord: 0.2ms | Allocations: 3132)


Started GET "/" for ::1 at 2022-04-01 22:03:08 -0300
Processing by HomeController#index as HTML
  Rendering layout layouts/main.html.erb
  Rendering home/index.html.erb within layouts/main
  [1m[36mShopItem Load (0.2ms)[0m  [1m[34mSELECT "shop_items".* FROM "shop_items"[0m
  ↳ app/views/home/index.html.erb:2
  Rendered home/index.html.erb within layouts/main (Duration: 1.3ms | Allocations: 586)
  Rendered layout layouts/main.html.erb (Duration: 67.2ms | Allocations: 2870)
Completed 200 OK in 69ms (Views: 67.8ms | ActiveRecord: 0.2ms | Allocations: 3138)


Started GET "/" for ::1 at 2022-04-01 22:04:16 -0300
Processing by HomeController#index as HTML
  Rendering layout layouts/main.html.erb
  Rendering home/index.html.erb within layouts/main
  [1m[36mShopItem Load (0.1ms)[0m  [1m[34mSELECT "shop_items".* FROM "shop_items"[0m
  ↳ app/views/home/index.html.erb:2
  Rendered home/index.html.erb within layouts/main (Duration: 1.4ms | Allocations: 586)
  Rendered layout layouts/main.html.erb (Duration: 4.5ms | Allocations: 1483)
Completed 200 OK in 6ms (Views: 5.1ms | ActiveRecord: 0.1ms | Allocations: 1751)


Started GET "/" for ::1 at 2022-04-01 22:04:36 -0300
Processing by HomeController#index as HTML
  Rendering layout layouts/main.html.erb
  Rendering home/index.html.erb within layouts/main
  [1m[36mShopItem Load (0.2ms)[0m  [1m[34mSELECT "shop_items".* FROM "shop_items"[0m
  ↳ app/views/home/index.html.erb:2
  Rendered home/index.html.erb within layouts/main (Duration: 1.2ms | Allocations: 586)
  Rendered layout layouts/main.html.erb (Duration: 118.5ms | Allocations: 2865)
Completed 200 OK in 120ms (Views: 119.1ms | ActiveRecord: 0.2ms | Allocations: 3133)


Started GET "/" for ::1 at 2022-04-01 22:05:06 -0300
Processing by HomeController#index as HTML
  Rendering layout layouts/main.html.erb
  Rendering home/index.html.erb within layouts/main
  [1m[36mShopItem Load (0.2ms)[0m  [1m[34mSELECT "shop_items".* FROM "shop_items"[0m
  ↳ app/views/home/index.html.erb:2
  Rendered home/index.html.erb within layouts/main (Duration: 1.4ms | Allocations: 586)
  Rendered layout layouts/main.html.erb (Duration: 25.5ms | Allocations: 2858)
Completed 200 OK in 28ms (Views: 26.1ms | ActiveRecord: 0.2ms | Allocations: 3126)


Started GET "/" for ::1 at 2022-04-01 22:07:52 -0300
Processing by HomeController#index as HTML
  Rendering layout layouts/main.html.erb
  Rendering home/index.html.erb within layouts/main
  [1m[36mShopItem Load (0.2ms)[0m  [1m[34mSELECT "shop_items".* FROM "shop_items"[0m
  ↳ app/views/home/index.html.erb:2
  Rendered home/index.html.erb within layouts/main (Duration: 1.4ms | Allocations: 586)
  Rendered layout layouts/main.html.erb (Duration: 4.8ms | Allocations: 1483)
Completed 200 OK in 7ms (Views: 5.4ms | ActiveRecord: 0.2ms | Allocations: 1751)


Started GET "/" for ::1 at 2022-04-01 22:08:21 -0300
Processing by HomeController#index as HTML
  Rendering layout layouts/main.html.erb
  Rendering home/index.html.erb within layouts/main
  [1m[36mShopItem Load (0.2ms)[0m  [1m[34mSELECT "shop_items".* FROM "shop_items"[0m
  ↳ app/views/home/index.html.erb:2
  Rendered home/index.html.erb within layouts/main (Duration: 1.4ms | Allocations: 586)
  Rendered layout layouts/main.html.erb (Duration: 22.7ms | Allocations: 2863)
Completed 200 OK in 25ms (Views: 23.5ms | ActiveRecord: 0.2ms | Allocations: 3131)


Started GET "/" for ::1 at 2022-04-01 22:15:43 -0300
Processing by HomeController#index as HTML
  Rendering layout layouts/main.html.erb
  Rendering home/index.html.erb within layouts/main
  [1m[35m (0.1ms)[0m  [1m[34mSELECT sqlite_version(*)[0m
  ↳ app/views/home/index.html.erb:2
  [1m[36mShopItem Load (0.2ms)[0m  [1m[34mSELECT "shop_items".* FROM "shop_items"[0m
  ↳ app/views/home/index.html.erb:2
  Rendered home/index.html.erb within layouts/main (Duration: 3.3ms | Allocations: 1256)
  Rendered layout layouts/main.html.erb (Duration: 28.5ms | Allocations: 3537)
Completed 200 OK in 31ms (Views: 29.6ms | ActiveRecord: 0.6ms | Allocations: 3803)


Started GET "/" for ::1 at 2022-04-01 22:19:01 -0300
Processing by HomeController#index as HTML
  Rendering layout layouts/main.html.erb
  Rendering home/index.html.erb within layouts/main
  [1m[36mShopItem Load (0.2ms)[0m  [1m[34mSELECT "shop_items".* FROM "shop_items"[0m
  ↳ app/views/home/index.html.erb:2
  Rendered home/index.html.erb within layouts/main (Duration: 1.8ms | Allocations: 855)
  Rendered layout layouts/main.html.erb (Duration: 25.2ms | Allocations: 3535)
Completed 200 OK in 30ms (Views: 27.5ms | ActiveRecord: 0.2ms | Allocations: 4272)


Started GET "/" for ::1 at 2022-04-01 22:19:24 -0300
Processing by HomeController#index as HTML
  Rendering layout layouts/main.html.erb
  Rendering home/index.html.erb within layouts/main
  [1m[36mShopItem Load (0.2ms)[0m  [1m[34mSELECT "shop_items".* FROM "shop_items"[0m
  ↳ app/views/home/index.html.erb:2
  Rendered home/index.html.erb within layouts/main (Duration: 1.7ms | Allocations: 850)
  Rendered layout layouts/main.html.erb (Duration: 5.4ms | Allocations: 2059)
Completed 200 OK in 10ms (Views: 7.3ms | ActiveRecord: 0.2ms | Allocations: 2819)


Started GET "/" for ::1 at 2022-04-01 22:20:13 -0300
Processing by HomeController#index as HTML
  Rendering layout layouts/main.html.erb
  Rendering home/index.html.erb within layouts/main
  [1m[36mShopItem Load (0.2ms)[0m  [1m[34mSELECT "shop_items".* FROM "shop_items"[0m
  ↳ app/views/home/index.html.erb:2
  Rendered home/index.html.erb within layouts/main (Duration: 1.8ms | Allocations: 850)
  Rendered layout layouts/main.html.erb (Duration: 24.5ms | Allocations: 3532)
Completed 200 OK in 29ms (Views: 26.5ms | ActiveRecord: 0.2ms | Allocations: 4292)


Started GET "/" for ::1 at 2022-04-01 22:20:31 -0300
Processing by HomeController#index as HTML
  Rendering layout layouts/main.html.erb
  Rendering home/index.html.erb within layouts/main
  [1m[36mShopItem Load (0.2ms)[0m  [1m[34mSELECT "shop_items".* FROM "shop_items"[0m
  ↳ app/views/home/index.html.erb:2
  Rendered home/index.html.erb within layouts/main (Duration: 1.4ms | Allocations: 586)
  Rendered layout layouts/main.html.erb (Duration: 26.0ms | Allocations: 2896)
Completed 200 OK in 28ms (Views: 26.5ms | ActiveRecord: 0.2ms | Allocations: 3187)


Started GET "/" for ::1 at 2022-04-01 22:20:37 -0300
Processing by HomeController#index as HTML
  Rendering layout layouts/main.html.erb
  Rendering home/index.html.erb within layouts/main
  [1m[36mShopItem Load (0.2ms)[0m  [1m[34mSELECT "shop_items".* FROM "shop_items"[0m
  ↳ app/views/home/index.html.erb:2
  Rendered home/index.html.erb within layouts/main (Duration: 2.2ms | Allocations: 850)
  Rendered layout layouts/main.html.erb (Duration: 6.2ms | Allocations: 2059)
Completed 200 OK in 11ms (Views: 8.3ms | ActiveRecord: 0.2ms | Allocations: 2796)


Started GET "/" for ::1 at 2022-04-01 22:21:11 -0300
Processing by HomeController#index as HTML
  Rendering layout layouts/main.html.erb
  Rendering home/index.html.erb within layouts/main
  [1m[36mShopItem Load (0.2ms)[0m  [1m[34mSELECT "shop_items".* FROM "shop_items"[0m
  ↳ app/views/home/index.html.erb:2
  Rendered home/index.html.erb within layouts/main (Duration: 1.4ms | Allocations: 586)
  Rendered layout layouts/main.html.erb (Duration: 27.0ms | Allocations: 2986)
Completed 200 OK in 29ms (Views: 27.8ms | ActiveRecord: 0.2ms | Allocations: 3277)


Started GET "/" for ::1 at 2022-04-02 16:21:49 -0300
  [1m[35m (2.5ms)[0m  [1m[34mSELECT sqlite_version(*)[0m
  [1m[36mActiveRecord::SchemaMigration Pluck (0.5ms)[0m  [1m[34mSELECT "schema_migrations"."version" FROM "schema_migrations" ORDER BY "schema_migrations"."version" ASC[0m
Processing by HomeController#index as HTML
  Rendering layout layouts/main.html.erb
  Rendering home/index.html.erb within layouts/main
  [1m[36mShopItem Load (0.2ms)[0m  [1m[34mSELECT "shop_items".* FROM "shop_items"[0m
  ↳ app/views/home/index.html.erb:2
  Rendered home/index.html.erb within layouts/main (Duration: 12.2ms | Allocations: 5658)
  Rendered layout layouts/main.html.erb (Duration: 375.8ms | Allocations: 36475)
Completed 200 OK in 412ms (Views: 385.1ms | ActiveRecord: 1.0ms | Allocations: 40318)


Started GET "/" for ::1 at 2022-04-02 16:21:51 -0300
Processing by HomeController#index as HTML
  Rendering layout layouts/main.html.erb
  Rendering home/index.html.erb within layouts/main
  [1m[36mShopItem Load (0.2ms)[0m  [1m[34mSELECT "shop_items".* FROM "shop_items"[0m
  ↳ app/views/home/index.html.erb:2
  Rendered home/index.html.erb within layouts/main (Duration: 1.2ms | Allocations: 656)
  Rendered layout layouts/main.html.erb (Duration: 4.3ms | Allocations: 1582)
Completed 200 OK in 7ms (Views: 4.9ms | ActiveRecord: 0.2ms | Allocations: 1926)


Started GET "/" for ::1 at 2022-04-02 16:30:00 -0300
Processing by HomeController#index as HTML
  Rendering layout layouts/main.html.erb
  Rendering home/index.html.erb within layouts/main
  [1m[35m (0.1ms)[0m  [1m[34mSELECT sqlite_version(*)[0m
  ↳ app/views/home/index.html.erb:2
  [1m[36mShopItem Load (0.3ms)[0m  [1m[34mSELECT "shop_items".* FROM "shop_items"[0m
  ↳ app/views/home/index.html.erb:2
  Rendered home/index.html.erb within layouts/main (Duration: 3.6ms | Allocations: 1275)
  Rendered layout layouts/main.html.erb (Duration: 7.4ms | Allocations: 2173)
Completed 200 OK in 10ms (Views: 8.7ms | ActiveRecord: 0.6ms | Allocations: 2447)


Started GET "/" for ::1 at 2022-04-02 16:30:02 -0300
Processing by HomeController#index as HTML
  Rendering layout layouts/main.html.erb
  Rendering home/index.html.erb within layouts/main
  [1m[36mShopItem Load (0.2ms)[0m  [1m[34mSELECT "shop_items".* FROM "shop_items"[0m
  ↳ app/views/home/index.html.erb:2
  Rendered home/index.html.erb within layouts/main (Duration: 2.2ms | Allocations: 592)
  Rendered layout layouts/main.html.erb (Duration: 5.2ms | Allocations: 1490)
Completed 200 OK in 7ms (Views: 5.6ms | ActiveRecord: 0.2ms | Allocations: 1766)


Started GET "/" for ::1 at 2022-04-02 16:31:28 -0300
Processing by HomeController#index as HTML
  Rendering layout layouts/main.html.erb
  Rendering home/index.html.erb within layouts/main
  [1m[36mShopItem Load (0.2ms)[0m  [1m[34mSELECT "shop_items".* FROM "shop_items"[0m
  ↳ app/views/home/index.html.erb:2
  Rendered home/index.html.erb within layouts/main (Duration: 1.5ms | Allocations: 586)
  Rendered layout layouts/main.html.erb (Duration: 4.9ms | Allocations: 1483)
Completed 200 OK in 7ms (Views: 5.6ms | ActiveRecord: 0.2ms | Allocations: 1751)


Started GET "/" for ::1 at 2022-04-02 16:31:29 -0300
Processing by HomeController#index as HTML
  Rendering layout layouts/main.html.erb
  Rendering home/index.html.erb within layouts/main
  [1m[36mShopItem Load (0.2ms)[0m  [1m[34mSELECT "shop_items".* FROM "shop_items"[0m
  ↳ app/views/home/index.html.erb:2
  Rendered home/index.html.erb within layouts/main (Duration: 2.0ms | Allocations: 592)
  Rendered layout layouts/main.html.erb (Duration: 5.8ms | Allocations: 1490)
Completed 200 OK in 8ms (Views: 6.5ms | ActiveRecord: 0.2ms | Allocations: 1766)


Started GET "/" for ::1 at 2022-04-02 16:32:50 -0300
Processing by HomeController#index as HTML
  Rendering layout layouts/main.html.erb
  Rendering home/index.html.erb within layouts/main
  [1m[36mShopItem Load (0.3ms)[0m  [1m[34mSELECT "shop_items".* FROM "shop_items"[0m
  ↳ app/views/home/index.html.erb:2
  Rendered home/index.html.erb within layouts/main (Duration: 2.2ms | Allocations: 586)
  Rendered layout layouts/main.html.erb (Duration: 6.6ms | Allocations: 1483)
Completed 200 OK in 9ms (Views: 7.4ms | ActiveRecord: 0.3ms | Allocations: 1751)


Started GET "/" for ::1 at 2022-04-02 16:32:51 -0300
Processing by HomeController#index as HTML
  Rendering layout layouts/main.html.erb
  Rendering home/index.html.erb within layouts/main
  [1m[36mShopItem Load (0.2ms)[0m  [1m[34mSELECT "shop_items".* FROM "shop_items"[0m
  ↳ app/views/home/index.html.erb:2
  Rendered home/index.html.erb within layouts/main (Duration: 1.3ms | Allocations: 586)
  Rendered layout layouts/main.html.erb (Duration: 4.5ms | Allocations: 1487)
Completed 200 OK in 7ms (Views: 5.2ms | ActiveRecord: 0.2ms | Allocations: 1755)


Started GET "/" for ::1 at 2022-04-02 16:32:55 -0300
Processing by HomeController#index as HTML
  Rendering layout layouts/main.html.erb
  Rendering home/index.html.erb within layouts/main
  [1m[36mShopItem Load (0.2ms)[0m  [1m[34mSELECT "shop_items".* FROM "shop_items"[0m
  ↳ app/views/home/index.html.erb:2
  Rendered home/index.html.erb within layouts/main (Duration: 1.4ms | Allocations: 586)
  Rendered layout layouts/main.html.erb (Duration: 4.6ms | Allocations: 1483)
Completed 200 OK in 7ms (Views: 5.1ms | ActiveRecord: 0.2ms | Allocations: 1751)


Started GET "/" for ::1 at 2022-04-02 16:34:18 -0300
Processing by HomeController#index as HTML
  Rendering layout layouts/main.html.erb
  Rendering home/index.html.erb within layouts/main
  [1m[36mShopItem Load (0.2ms)[0m  [1m[34mSELECT "shop_items".* FROM "shop_items"[0m
  ↳ app/views/home/index.html.erb:2
  Rendered home/index.html.erb within layouts/main (Duration: 2.0ms | Allocations: 855)
  Rendered layout layouts/main.html.erb (Duration: 5.7ms | Allocations: 2066)
Completed 200 OK in 10ms (Views: 7.9ms | ActiveRecord: 0.2ms | Allocations: 2826)


Started GET "/" for ::1 at 2022-04-02 16:34:48 -0300
Processing by HomeController#index as HTML
  Rendering layout layouts/main.html.erb
  Rendering home/index.html.erb within layouts/main
  [1m[36mShopItem Load (0.2ms)[0m  [1m[34mSELECT "shop_items".* FROM "shop_items"[0m
  ↳ app/views/home/index.html.erb:2
  Rendered home/index.html.erb within layouts/main (Duration: 2.0ms | Allocations: 850)
  Rendered layout layouts/main.html.erb (Duration: 5.6ms | Allocations: 2056)
Completed 200 OK in 10ms (Views: 7.6ms | ActiveRecord: 0.2ms | Allocations: 2817)


Started GET "/" for ::1 at 2022-04-02 16:36:07 -0300
Processing by HomeController#index as HTML
  Rendering layout layouts/main.html.erb
  Rendering home/index.html.erb within layouts/main
  [1m[36mShopItem Load (0.2ms)[0m  [1m[34mSELECT "shop_items".* FROM "shop_items"[0m
  ↳ app/views/home/index.html.erb:2
  Rendered home/index.html.erb within layouts/main (Duration: 1.6ms | Allocations: 586)
  Rendered layout layouts/main.html.erb (Duration: 5.2ms | Allocations: 1483)
Completed 200 OK in 7ms (Views: 5.7ms | ActiveRecord: 0.2ms | Allocations: 1774)


Started GET "/" for ::1 at 2022-04-02 16:39:00 -0300
Processing by HomeController#index as HTML
  Rendering layout layouts/main.html.erb
  Rendering home/index.html.erb within layouts/main
  [1m[36mShopItem Load (0.2ms)[0m  [1m[34mSELECT "shop_items".* FROM "shop_items"[0m
  ↳ app/views/home/index.html.erb:2
  Rendered home/index.html.erb within layouts/main (Duration: 1.9ms | Allocations: 850)
  Rendered layout layouts/main.html.erb (Duration: 24.0ms | Allocations: 3525)
Completed 200 OK in 29ms (Views: 26.2ms | ActiveRecord: 0.2ms | Allocations: 4262)


Started GET "/" for ::1 at 2022-04-02 16:39:02 -0300
Processing by HomeController#index as HTML
  Rendering layout layouts/main.html.erb
  Rendering home/index.html.erb within layouts/main
  [1m[36mShopItem Load (0.2ms)[0m  [1m[34mSELECT "shop_items".* FROM "shop_items"[0m
  ↳ app/views/home/index.html.erb:2
  Rendered home/index.html.erb within layouts/main (Duration: 1.8ms | Allocations: 586)
  Rendered layout layouts/main.html.erb (Duration: 5.0ms | Allocations: 1483)
Completed 200 OK in 7ms (Views: 5.6ms | ActiveRecord: 0.2ms | Allocations: 1774)


